app/build/outputs/mapping/debug/seeds.txt
com.dimas.made1.favorite.FavoriteFragment
com.dimas.made1.home.HomeActivity
com.dimas.made1.splashscreen.SplashScreenFragment
com.dimas.made1.core.domain.model.DataDomain
com.dimas.made1.MyApplication
com.dimas.made1.favorite.content.FavoriteMovieTvFragment
com.dimas.made1.core.data.source.local.room.AppDatabase_Impl
com.dimas.made1.explore.ExploreFragment
com.dimas.made1.explore.content.MovieTvFragment
com.dimas.made1.home.content.ContentFragment
com.dimas.made1.detail.DetailFragment
com.dimas.made1.core.data.source.local.room.AppDatabase
com.dimas.made1.base.BaseNavigationFragment
com.dimas.made1.core.data.source.remote.network.ApiService
com.dimas.made1.core.data.source.remote.response.tv.Tv: java.lang.String name
com.dimas.made1.core.data.source.remote.response.tv.Tv: java.lang.Double voteAverage
com.dimas.made1.core.data.source.remote.response.tv.Tv: int id
com.dimas.made1.core.data.source.remote.response.tv.Tv: java.lang.Double popularity
com.dimas.made1.core.data.source.remote.response.tv.Tv: java.lang.Integer voteCount
com.dimas.made1.core.data.source.remote.response.movie.Movie: java.lang.String releaseDate
com.dimas.made1.core.domain.model.DataDomain: android.os.Parcelable$Creator CREATOR
com.dimas.made1.core.data.source.remote.response.tv.Tv: java.lang.String overview
com.dimas.made1.core.data.source.remote.response.movie.Movie: java.lang.Integer voteCount
com.dimas.made1.core.data.source.remote.response.tv.Tv: java.lang.String posterPath
com.dimas.made1.core.data.source.remote.response.tv.TvResponse: java.util.List results
com.dimas.made1.core.data.source.remote.response.movie.Movie: java.lang.String name
com.dimas.made1.core.data.source.remote.response.movie.Movie: int id
com.dimas.made1.core.data.source.remote.response.movie.Movie: java.lang.Double popularity
com.dimas.made1.core.data.source.remote.response.movie.Movie: java.lang.String overview
com.dimas.made1.core.data.source.remote.response.tv.Tv: java.lang.String firstAirDate
com.dimas.made1.core.data.source.remote.response.movie.MovieResponse: java.util.List results
com.dimas.made1.core.data.source.remote.response.movie.Movie: java.lang.String posterPath
com.dimas.made1.core.data.source.remote.response.movie.Movie: java.lang.Double voteAverage
com.dimas.made1.explore.content.MovieTvFragment: MovieTvFragment()
com.dimas.made1.explore.ExploreFragment: ExploreFragment()
com.dimas.made1.home.HomeActivity: HomeActivity()
com.dimas.made1.utils.DataState: com.dimas.made1.utils.DataState[] values()
com.dimas.made1.core.data.source.local.room.AppDatabase: AppDatabase()
com.dimas.made1.splashscreen.SplashScreenFragment: SplashScreenFragment()
com.dimas.made1.favorite.FavoriteFragment: FavoriteFragment()
com.dimas.made1.detail.DetailFragment: DetailFragment()
com.dimas.made1.favorite.content.FavoriteMovieTvFragment: FavoriteMovieTvFragment()
com.dimas.made1.MyApplication: MyApplication()
com.dimas.made1.base.BaseNavigationFragment: BaseNavigationFragment()
com.dimas.made1.detail.DetailFragmentArgs: com.dimas.made1.detail.DetailFragmentArgs fromBundle(android.os.Bundle)
com.dimas.made1.core.data.source.local.room.AppDatabase_Impl: AppDatabase_Impl()
com.dimas.made1.utils.DataState: com.dimas.made1.utils.DataState valueOf(java.lang.String)
com.dimas.made1.home.content.ContentFragment: ContentFragment()
...
net.sqlcipher.database.SQLiteCursor: void queryThreadUnlock()
com.airbnb.lottie.parser.moshi.LinkedHashTreeMap: java.util.Set keySet()
com.airbnb.lottie.model.content.MergePaths$MergePathsMode: MergePaths$MergePathsMode(java.lang.String,int)
androidx.appcompat.widget.AppCompatSpinner: android.content.res.ColorStateList getSupportBackgroundTintList()
com.airbnb.lottie.LottieDrawable: void setSystemAnimationsAreEnabled(java.lang.Boolean)
com.airbnb.lottie.R$string: R$string()
com.airbnb.lottie.model.content.GradientStroke: com.airbnb.lottie.model.animatable.AnimatableGradientColorValue getGradientColor()
com.airbnb.lottie.model.layer.TextLayer: void addValueCallback(java.lang.Object,com.airbnb.lottie.value.LottieValueCallback)
net.sqlcipher.database.SQLiteCursor$MainThreadNotificationHandler: void handleMessage(android.os.Message)
com.airbnb.lottie.parser.AnimatableTransformParser: boolean isSkewIdentity(com.airbnb.lottie.model.animatable.AnimatableFloatValue)
net.sqlcipher.database.SQLiteDatabase: java.lang.String getTime()
com.google.android.material.card.MaterialCardView: void setCheckedIconSizeResource(int)
com.airbnb.lottie.parser.MaskParser: MaskParser()
com.airbnb.lottie.value.Keyframe: Keyframe(com.airbnb.lottie.LottieComposition,java.lang.Object,java.lang.Object,android.view.animation.Interpolator,float,java.lang.Float)
com.airbnb.lottie.utils.LottieValueAnimator: void setMinAndMaxFrames(float,float)
com.google.android.material.bottomappbar.BottomAppBar$Behavior: BottomAppBar$Behavior()
com.airbnb.lottie.LottieComposition: int getMaskAndMatteCount()
com.airbnb.lottie.animation.keyframe.ColorKeyframeAnimation: int getIntValue()
net.sqlcipher.database.SQLiteDebug: SQLiteDebug()
com.airbnb.lottie.animation.content.EllipseContent: EllipseContent(com.airbnb.lottie.LottieDrawable,com.airbnb.lottie.model.layer.BaseLayer,com.airbnb.lottie.model.content.CircleShape)
com.airbnb.lottie.model.Font: java.lang.String getStyle()
net.sqlcipher.DatabaseUtils: void dumpCursor(net.sqlcipher.Cursor,java.io.PrintStream)
com.airbnb.lottie.animation.keyframe.SplitDimensionPathKeyframeAnimation: void setProgress(float)
com.google.android.material.tabs.TabLayout: void setTabGravity(int)
com.airbnb.lottie.value.ScaleXY: ScaleXY(float,float)
net.sqlcipher.DatabaseUtils$InsertHelper: void bind(int,byte[])
com.airbnb.lottie.LottieAnimationView: void disableExtraScaleModeInFitXY()
com.airbnb.lottie.LottieDrawable: void addValueCallback(com.airbnb.lottie.model.KeyPath,java.lang.Object,com.airbnb.lottie.value.SimpleLottieValueCallback)
com.airbnb.lottie.utils.GammaEvaluator: GammaEvaluator()
com.bumptech.glide.MemoryCategory: com.bumptech.glide.MemoryCategory valueOf(java.lang.String)
androidx.lifecycle.LifecycleDispatcher$DispatcherActivityCallback: LifecycleDispatcher$DispatcherActivityCallback()
com.google.android.material.bottomappbar.BottomAppBar: androidx.appcompat.widget.ActionMenuView getActionMenuView()
androidx.lifecycle.ProcessLifecycleOwner$3: void onActivityStopped(android.app.Activity)
com.google.android.material.card.MaterialCardView: int getCheckedIconMargin()
com.airbnb.lottie.LottieCompositionFactory: com.airbnb.lottie.LottieResult fromRawResSync(android.content.Context,int)
com.google.android.material.chip.Chip: void setChipIconVisible(boolean)
androidx.constraintlayout.helper.widget.Flow: void setOrientation(int)
com.google.android.material.card.MaterialCardView: float getProgress()
androidx.coordinatorlayout.widget.CoordinatorLayout: int getSuggestedMinimumWidth()
leakcanary.internal.AppWatcherInstaller$MainProcess: AppWatcherInstaller$MainProcess()
net.sqlcipher.database.SQLiteDatabase: net.sqlcipher.database.SQLiteDatabase openOrCreateDatabase(java.lang.String,char[],net.sqlcipher.database.SQLiteDatabase$CursorFactory,net.sqlcipher.database.SQLiteDatabaseHook)
com.airbnb.lottie.LottieComposition$Factory: com.airbnb.lottie.Cancellable fromRawFile(android.content.Context,int,com.airbnb.lottie.OnCompositionLoadedListener)