app/build/outputs/mapping/debug/mapping.txt
# compiler: R8
# compiler_version: 2.2.66
# min_api: 30
# pg_map_id: d73fc87
# common_typos_disable
com.dimas.made1.MyApplication -> com.dimas.made1.MyApplication:
    15:15:void <init>() -> <init>
    18:32:void onCreate() -> onCreate
com.dimas.made1.MyApplication$onCreate$1 -> com.dimas.made1.MyApplication$a:
    com.dimas.made1.MyApplication this$0 -> f
    20:31:void invoke(org.koin.core.KoinApplication) -> a
    19:19:java.lang.Object invoke(java.lang.Object) -> invoke
com.dimas.made1.base.BaseNavigationFragment -> d.b.a.a.a:
    boolean isNavigated -> d0
    9:9:void <init>() -> <init>
    13:15:void navigateWithAction(androidx.navigation.NavDirections) -> N1
    18:30:void onDestroyView() -> y0
com.dimas.made1.base.BaseNavigationFragment$onDestroyView$1 -> d.b.a.a.a$a:
    com.dimas.made1.base.BaseNavigationFragment this$0 -> f
    21:29:void invoke(androidx.activity.OnBackPressedCallback) -> a
    20:20:java.lang.Object invoke(java.lang.Object) -> invoke
com.dimas.made1.core.BuildConfig -> d.b.a.b.a:
    boolean DEBUG -> a
    7:7:void <clinit>() -> <clinit>
com.dimas.made1.core.adapter.-$$Lambda$ContentMovieAdapter$ContentMovieViewHolder$AopFwH8M1ZYVtEwjtg32nUdLDvU -> d.b.a.b.b.a:
# {"id":"sourceFile","fileName":"lambda"}
    com.dimas.made1.core.domain.model.DataDomain f$1 -> f
    com.dimas.made1.core.adapter.ContentMovieAdapter f$0 -> e
com.dimas.made1.core.adapter.-$$Lambda$ContentTvAdapter$ContentTvViewHolder$b0W3LVR7IdDVnakw6JDp-dxWQ0U -> d.b.a.b.b.b:
# {"id":"sourceFile","fileName":"lambda"}
    com.dimas.made1.core.adapter.ContentTvAdapter f$0 -> e
    com.dimas.made1.core.domain.model.DataDomain f$1 -> f
com.dimas.made1.core.adapter.-$$Lambda$MovieAdapter$MovieViewHolder$8UA7ET2Q9NAWTAD0rf9-RUi_Eio -> d.b.a.b.b.c:
# {"id":"sourceFile","fileName":"lambda"}
    com.dimas.made1.core.domain.model.DataDomain f$1 -> f
    com.dimas.made1.core.adapter.MovieAdapter f$0 -> e
com.dimas.made1.core.adapter.-$$Lambda$TvAdapter$TvViewHolder$bS4lLu15U0GAJVA3fVxfvcAdrJk -> d.b.a.b.b.d:
# {"id":"sourceFile","fileName":"lambda"}
    com.dimas.made1.core.adapter.TvAdapter f$0 -> e
    com.dimas.made1.core.domain.model.DataDomain f$1 -> f
com.dimas.made1.core.adapter.ContentMovieAdapter -> d.b.a.b.b.e:
    com.dimas.made1.core.adapter.ContentMovieAdapter$OnItemClickCallback onItemClickCallback -> e
    java.util.ArrayList listMovie -> d
    13:15:void <init>() -> <init>
    55:57:com.dimas.made1.core.adapter.ContentMovieAdapter$ContentMovieViewHolder onCreateViewHolder(android.view.ViewGroup,int) -> A
    19:23:void setData(java.util.List) -> B
    46:47:void setOnItemClickCallback(com.dimas.made1.core.adapter.ContentMovieAdapter$OnItemClickCallback) -> C
    65:65:int getItemCount() -> g
    13:13:void onBindViewHolder(androidx.recyclerview.widget.RecyclerView$ViewHolder,int) -> n
    13:13:androidx.recyclerview.widget.RecyclerView$ViewHolder onCreateViewHolder(android.view.ViewGroup,int) -> p
    13:13:com.dimas.made1.core.adapter.ContentMovieAdapter$OnItemClickCallback access$getOnItemClickCallback$p(com.dimas.made1.core.adapter.ContentMovieAdapter) -> y
    61:63:void onBindViewHolder(com.dimas.made1.core.adapter.ContentMovieAdapter$ContentMovieViewHolder,int) -> z
com.dimas.made1.core.adapter.ContentMovieAdapter$ContentMovieViewHolder -> d.b.a.b.b.e$a:
    com.dimas.made1.core.databinding.ItemContentBinding binding -> u
    com.dimas.made1.core.adapter.ContentMovieAdapter this$0 -> v
    25:26:void <init>(com.dimas.made1.core.adapter.ContentMovieAdapter,com.dimas.made1.core.databinding.ItemContentBinding) -> <init>
    28:40:void bind(com.dimas.made1.core.domain.model.DataDomain) -> N
    37:38:void bind$lambda-2$lambda-1(com.dimas.made1.core.adapter.ContentMovieAdapter,com.dimas.made1.core.domain.model.DataDomain,android.view.View) -> O
    void lambda$AopFwH8M1ZYVtEwjtg32nUdLDvU(com.dimas.made1.core.adapter.ContentMovieAdapter,com.dimas.made1.core.domain.model.DataDomain,android.view.View) -> P
...
com.google.android.play.core.appupdate.h -> d.d.a.b.a.a.d:
com.google.android.play.core.assetpacks.AssetPackException -> d.d.a.b.a.b.a:
com.google.android.play.core.assetpacks.AssetPackExtractionService -> com.google.android.play.core.assetpacks.AssetPackExtractionService:
    com.google.android.play.core.assetpacks.b a -> e
com.google.android.play.core.assetpacks.AssetPackLocation -> d.d.a.b.a.b.b:
    java.lang.String assetsPath() -> a
    int packStorageMethod() -> c
    java.lang.String path() -> d
com.google.android.play.core.assetpacks.AssetPackState -> com.google.android.play.core.assetpacks.AssetPackState:
    long bytesDownloaded() -> c
    com.google.android.play.core.assetpacks.AssetPackState c(android.os.Bundle,java.lang.String,com.google.android.play.core.assetpacks.bn,com.google.android.play.core.assetpacks.ar) -> d
    int errorCode() -> e
    java.lang.String name() -> f
    int status() -> g
    long totalBytesToDownload() -> h
    int transferProgressPercentage() -> i
com.google.android.play.core.assetpacks.AssetPackStates -> d.d.a.b.a.b.c:
    com.google.android.play.core.assetpacks.AssetPackStates e(android.os.Bundle,com.google.android.play.core.assetpacks.bn,java.util.List,com.google.android.play.core.assetpacks.ar) -> d
    java.util.Map packStates() -> e
    long totalBytes() -> f
com.google.android.play.core.assetpacks.ExtractionForegroundService -> com.google.android.play.core.assetpacks.ExtractionForegroundService:
    com.google.android.play.core.internal.ag d -> e
    android.app.NotificationManager c -> h
    com.google.android.play.core.assetpacks.i b -> g
    android.content.Context a -> f
com.google.android.play.core.assetpacks.a -> d.d.a.b.a.b.d:
com.google.android.play.core.assetpacks.aa -> d.d.a.b.a.b.e:
    java.lang.String b -> g
    java.lang.String c -> h
    int d -> i
    int a -> f
    com.google.android.play.core.assetpacks.am f -> k
    com.google.android.play.core.tasks.i e -> j
com.google.android.play.core.assetpacks.ab -> d.d.a.b.a.b.f:
    java.lang.String b -> g
    int d -> i
    int a -> f
    com.google.android.play.core.tasks.i c -> h
    com.google.android.play.core.assetpacks.am e -> j
com.google.android.play.core.assetpacks.ac -> d.d.a.b.a.b.g:
    int a -> f
    com.google.android.play.core.assetpacks.am c -> h
    com.google.android.play.core.tasks.i b -> g
com.google.android.play.core.assetpacks.ad -> d.d.a.b.a.b.h:
    java.lang.String b -> g
    java.lang.String c -> h
    int d -> i
    int a -> f
    com.google.android.play.core.assetpacks.am f -> k
    com.google.android.play.core.tasks.i e -> j
com.google.android.play.core.assetpacks.ae -> d.d.a.b.a.b.i:
    com.google.android.play.core.assetpacks.am b -> g
    com.google.android.play.core.tasks.i a -> f
com.google.android.play.core.assetpacks.af -> d.d.a.b.a.b.j:
    void m(android.os.Bundle) -> A
    void n() -> B
    void g(android.os.Bundle) -> b
    void e(android.os.Bundle,android.os.Bundle) -> c
    void c(java.util.List) -> i
    void d(android.os.Bundle,android.os.Bundle) -> p
    void b(int,android.os.Bundle) -> t
    void f(android.os.Bundle,android.os.Bundle) -> u
    void h(int) -> v
    void i() -> w
    void j(int) -> x
    void k(android.os.Bundle) -> y
    void l(android.os.Bundle) -> z
com.google.android.play.core.assetpacks.ag -> d.d.a.b.a.b.k:
    void e(android.os.Bundle,android.os.Bundle) -> c
com.google.android.play.core.assetpacks.ah -> d.d.a.b.a.b.l:
    void c(java.util.List) -> i
com.google.android.play.core.assetpacks.ai -> d.d.a.b.a.b.m:
    void d(android.os.Bundle,android.os.Bundle) -> p
com.google.android.play.core.assetpacks.aj -> d.d.a.b.a.b.n:
    void g(android.os.Bundle) -> b