app/build/outputs/mapping/debug/usage.txt
com.dimas.made1.BuildConfig
com.dimas.made1.R$anim
com.dimas.made1.R$animator
com.dimas.made1.R$array
com.dimas.made1.R$attr
com.dimas.made1.R$bool
com.dimas.made1.R$color
com.dimas.made1.R$dimen
com.dimas.made1.R$drawable
com.dimas.made1.R$font
com.dimas.made1.R$id
com.dimas.made1.R$integer
com.dimas.made1.R$interpolator
com.dimas.made1.R$layout
com.dimas.made1.R$menu
com.dimas.made1.R$mipmap
com.dimas.made1.R$navigation
com.dimas.made1.R$plurals
com.dimas.made1.R$raw
com.dimas.made1.R$string
com.dimas.made1.R$style
com.dimas.made1.R$styleable
com.dimas.made1.R$xml
com.dimas.made1.R
com.dimas.made1.core.BuildConfig:
    public static final java.lang.String API_KEY
    public static final java.lang.String BASE_URL
    public static final java.lang.String BUILD_TYPE
    public static final java.lang.String LIBRARY_PACKAGE_NAME
    public static final java.lang.String URL_IMAGE
    public void <init>()
com.dimas.made1.core.R$anim:
    public static final int abc_fade_in
    public static final int abc_fade_out
    public static final int abc_grow_fade_in_from_bottom
    public static final int abc_popup_enter
    public static final int abc_popup_exit
    public static final int abc_shrink_fade_out_from_bottom
    public static final int abc_slide_in_bottom
    public static final int abc_slide_in_top
    public static final int abc_slide_out_bottom
    public static final int abc_slide_out_top
    public static final int abc_tooltip_enter
    public static final int abc_tooltip_exit
    public static final int btn_checkbox_to_checked_box_inner_merged_animation
    public static final int btn_checkbox_to_checked_box_outer_merged_animation
    public static final int btn_checkbox_to_checked_icon_null_animation
    public static final int btn_checkbox_to_unchecked_box_inner_merged_animation
    public static final int btn_checkbox_to_unchecked_check_path_merged_animation
    public static final int btn_checkbox_to_unchecked_icon_null_animation
    public static final int btn_radio_to_off_mtrl_dot_group_animation
    public static final int btn_radio_to_off_mtrl_ring_outer_animation
    public static final int btn_radio_to_off_mtrl_ring_outer_path_animation
    public static final int btn_radio_to_on_mtrl_dot_group_animation
    public static final int btn_radio_to_on_mtrl_ring_outer_animation
    public static final int btn_radio_to_on_mtrl_ring_outer_path_animation
com.dimas.made1.core.R$animator
com.dimas.made1.core.R$attr
com.dimas.made1.core.R$bool
com.dimas.made1.core.R$color
com.dimas.made1.core.R$dimen
...
com.google.android.material.progressindicator.LinearIndeterminateDisjointAnimatorDelegate$2
com.google.android.material.progressindicator.LinearIndeterminateDisjointAnimatorDelegate
com.google.android.material.progressindicator.LinearProgressIndicator$IndeterminateAnimationType
com.google.android.material.progressindicator.LinearProgressIndicator$IndicatorDirection
com.google.android.material.progressindicator.LinearProgressIndicator
com.google.android.material.progressindicator.LinearProgressIndicatorSpec
com.google.android.material.radiobutton.MaterialRadioButton:
    public void <init>(android.content.Context)
    public boolean isUseMaterialThemeColors()
com.google.android.material.resources.MaterialAttributes:
    public void <init>()
    public static boolean resolveBooleanOrThrow(android.content.Context,int,java.lang.String)
    public static int resolveDimension(android.content.Context,int,int)
    public static int resolveMinimumAccessibleTouchTarget(android.content.Context)
com.google.android.material.resources.MaterialResources:
    private static final float FONT_SCALE_1_3
    private static final float FONT_SCALE_2_0
    private void <init>()
com.google.android.material.resources.TextAppearance:
    private static final java.lang.String TAG
    private static final int TYPEFACE_MONOSPACE
    private static final int TYPEFACE_SANS
    private static final int TYPEFACE_SERIF
com.google.android.material.resources.TextAppearanceConfig:
    public void <init>()
    public static void setShouldLoadFontSynchronously(boolean)
com.google.android.material.ripple.RippleDrawableCompat:
    public com.google.android.material.shape.ShapeAppearanceModel getShapeAppearanceModel()
com.google.android.material.ripple.RippleUtils:
    static final java.lang.String TRANSPARENT_DEFAULT_COLOR_WARNING
com.google.android.material.shadow.ShadowDrawableWrapper
com.google.android.material.shadow.ShadowRenderer:
    private static final int COLOR_ALPHA_END
    private static final int COLOR_ALPHA_MIDDLE
    private static final int COLOR_ALPHA_START
com.google.android.material.shadow.ShadowViewDelegate:
    public abstract float getRadius()
com.google.android.material.shape.AbsoluteCornerSize:
    public float getCornerSize()
com.google.android.material.shape.CornerFamily
com.google.android.material.shape.CornerTreatment:
    public void getCornerPath(float,float,com.google.android.material.shape.ShapePath)
com.google.android.material.shape.CutCornerTreatment:
    public void <init>(float)
com.google.android.material.shape.EdgeTreatment:
    public void getEdgePath(float,float,com.google.android.material.shape.ShapePath)
com.google.android.material.shape.InterpolateOnScrollPositionChangeHelper$1
com.google.android.material.shape.InterpolateOnScrollPositionChangeHelper
com.google.android.material.shape.MarkerEdgeTreatment
com.google.android.material.shape.MaterialShapeDrawable$CompatibilityShadowMode